0 info it worked if it ends with ok
1 verbose cli [ '/usr/bin/nodejs', '/usr/local/bin/npm', 'run', 'prepublish' ]
2 info using npm@3.5.2
3 info using node@v4.2.6
4 verbose run-script [ 'prepublish' ]
5 info lifecycle FirstWidgetnpm@0.1.0~prepublish: FirstWidgetnpm@0.1.0
6 verbose lifecycle FirstWidgetnpm@0.1.0~prepublish: unsafe-perm in lifecycle true
7 verbose lifecycle FirstWidgetnpm@0.1.0~prepublish: PATH: /usr/share/npm/bin/node-gyp-bin:/home/pmarion/Documents/X/ipysheet/First_Custom_Widget/js/node_modules/.bin:/home/pmarion/anaconda3/bin:/home/pmarion/.local/share/umake/bin:/home/pmarion/bin:/home/pmarion/.local/bin:/usr/local/sbin:/usr/local/bin:/usr/sbin:/usr/bin:/sbin:/bin:/usr/games:/usr/local/games:/snap/bin
8 verbose lifecycle FirstWidgetnpm@0.1.0~prepublish: CWD: /home/pmarion/Documents/X/ipysheet/First_Custom_Widget/js
9 silly lifecycle FirstWidgetnpm@0.1.0~prepublish: Args: [ '-c', 'webpack' ]
10 silly lifecycle FirstWidgetnpm@0.1.0~prepublish: Returned: code: 2  signal: null
11 info lifecycle FirstWidgetnpm@0.1.0~prepublish: Failed to exec prepublish script
12 verbose stack Error: FirstWidgetnpm@0.1.0 prepublish: `webpack`
12 verbose stack Exit status 2
12 verbose stack     at EventEmitter.<anonymous> (/usr/share/npm/lib/utils/lifecycle.js:232:16)
12 verbose stack     at emitTwo (events.js:87:13)
12 verbose stack     at EventEmitter.emit (events.js:172:7)
12 verbose stack     at ChildProcess.<anonymous> (/usr/share/npm/lib/utils/spawn.js:24:14)
12 verbose stack     at emitTwo (events.js:87:13)
12 verbose stack     at ChildProcess.emit (events.js:172:7)
12 verbose stack     at maybeClose (internal/child_process.js:821:16)
12 verbose stack     at Process.ChildProcess._handle.onexit (internal/child_process.js:211:5)
13 verbose pkgid FirstWidgetnpm@0.1.0
14 verbose cwd /home/pmarion/Documents/X/ipysheet/First_Custom_Widget/js
15 error Linux 4.10.0-35-generic
16 error argv "/usr/bin/nodejs" "/usr/local/bin/npm" "run" "prepublish"
17 error node v4.2.6
18 error npm  v3.5.2
19 error code ELIFECYCLE
20 error FirstWidgetnpm@0.1.0 prepublish: `webpack`
20 error Exit status 2
21 error Failed at the FirstWidgetnpm@0.1.0 prepublish script 'webpack'.
21 error Make sure you have the latest version of node.js and npm installed.
21 error If you do, this is most likely a problem with the FirstWidgetnpm package,
21 error not with npm itself.
21 error Tell the author that this fails on your system:
21 error     webpack
21 error You can get information on how to open an issue for this project with:
21 error     npm bugs FirstWidgetnpm
21 error Or if that isn't available, you can get their info via:
21 error     npm owner ls FirstWidgetnpm
21 error There is likely additional logging output above.
22 verbose exit [ 1, true ]
